
--- NEW SESSION: 03/07/2018 17:21:30 ---
/N2/shaderRender/implicitFieldShaderVisualization1.positionSphere11 = 1 0 0
/N2/shaderRender/implicitFieldShaderVisualization1.radiusSphere10 = 2
/N2/shaderRender/implicitFieldShaderVisualization1.positionSphere10 = 2 0 0
/N2/shaderRender/implicitFieldShaderVisualization1.positionSphere13 = -1 0.5 0

--- NEW SESSION: 12/07/2018 23:52:01 ---
/N2/shaderRender/implicitFieldShaderVisualization1.positionSphere3 = 0.4 0 0
/N2/shaderRender/implicitFieldShaderVisualization1.sizeBox7 = 1.1 0.1 1.2
/N2/shaderRender/implicitFieldShaderVisualization1.sizeBox1 = 2 2 2

--- NEW SESSION: 12/07/2018 23:56:49 ---
/N2/shaderRender/implicitFieldShaderVisualization1.sizeBox1 = 1.2 0.5 1

--- NEW SESSION: 13/07/2018 01:13:23 ---
/N2/shaderRender/implicitFieldShaderVisualization1.sizeBox7 = 1 0.7 1

--- NEW SESSION: 13/07/2018 15:59:45 ---
/N2/shaderRender/implicitFieldShaderVisualization1.sizeBox7 = 1 0.2 1.2
/N2/shaderRender/implicitFieldShaderVisualization1.positionSphere3 = 1 0 0

--- NEW SESSION: 13/07/2018 17:23:38 ---
/N2/shaderRender/implicitFieldShaderVisualization1.positionSphere3 = 1 1 0

--- NEW SESSION: 14/07/2018 01:08:33 ---
/N2/shaderRender/implicitFieldShaderVisualization1.Box1_size = 1 1 1

--- NEW SESSION: 14/07/2018 23:18:28 ---
/N2/shaderRender/implicitFieldShaderVisualization1.Sphere3_radius = 0.82
/N2/shaderRender/implicitFieldShaderVisualization1.Box8_size = 0.67 0.23 1.17
/N2/shaderRender/implicitFieldShaderVisualization1.Sphere2_center = -0.13 0 0.66
/N2/shaderRender/implicitFieldShaderVisualization1.Sphere3_center = 0.19 0 0
/N2/shaderRender/implicitFieldShaderVisualization1.Sphere3_radius = 1.4
/N2/shaderRender/implicitFieldShaderVisualization1.Sphere2_center = -0.13 0 0.47
/N2/shaderRender/implicitFieldShaderVisualization1.Sphere3_center = 0.9 0 0
/N2/shaderRender/implicitFieldShaderVisualization1.Box1_size = 1.5 0.93 1

--- NEW SESSION: 14/07/2018 23:25:02 ---
/N2/shaderRender/implicitFieldShaderVisualization1.Sphere98_radius = 1.06
/N2/shaderRender/implicitFieldShaderVisualization1.Twist106_angle = 0.38
/N2/shaderRender/implicitFieldShaderVisualization1.Box97_size = 1.5 0.3 1

--- NEW SESSION: 14/07/2018 23:38:11 ---
/N2/shaderRender/implicitFieldShaderVisualization1.Sphere2_center = 0.12 0 0
/N2/shaderRender/implicitFieldShaderVisualization1.Sphere3_center = 6.76542e-17 0 0
/N2/shaderRender/implicitFieldShaderVisualization1.Sphere3_radius = 0.27
/N2/shaderRender/implicitFieldShaderVisualization1.Rotate12_factor = 0.66
/N2/shaderRender/implicitFieldShaderVisualization1.Sphere2_radius = 1.04
/N2/shaderRender/implicitFieldShaderVisualization1.Sphere5_center = 1.06 0.5 0
/N2/shaderRender/implicitFieldShaderVisualization1.Sphere27_center = 0.09 0 0
/N2/shaderRender/implicitFieldShaderVisualization1.Sphere29_radius = 1.71

--- NEW SESSION: 17/07/2018 11:33:19 ---
/N2/shaderRender/visualTransform1.transform = 0.26 -0.45 0 0 0 0 1
