
--- NEW SESSION: 15/07/2018 00:34:07 ---
/ShapeTree/Union/Sphere.center = 0 0 0
/ShapeTree/Union/Sphere.radius = 1.14

--- NEW SESSION: 15/07/2018 00:34:55 ---
/ShapeTree/Union/Sphere.center = 0.5 0 0

--- NEW SESSION: 15/07/2018 00:38:52 ---
/ShapeTree/Union/Sphere.center = 0 0 0

--- NEW SESSION: 15/07/2018 01:21:32 ---
/ShapeTree/field.state = 2

--- NEW SESSION: 15/07/2018 01:50:58 ---
/Shape/field.state = 3

--- NEW SESSION: 15/07/2018 01:54:48 ---
/Shape/ShapeTree/Union/Sphere.time = 34
/Shape/ShapeTree/Union/Sphere.radius = 2.05
/Shape/ShapeTree/Union/Sphere.animate = 1
/Shape/ShapeTree/Union/Sphere.time = 40.27
/Shape/ShapeTree/Union/Sphere.radius = 2.33

--- NEW SESSION: 15/07/2018 01:57:33 ---
/Shape/renderer.Sphere3_radius = 1.43
/Shape/ShapeTree/Union/Sphere.radius = 0.09
/Shape/ShapeTree/Union/Sphere.radius = 4.5

--- NEW SESSION: 15/07/2018 02:01:00 ---
/Shape/renderer.Sphere3_radius = 0.69
/Shape/renderer.Sphere2_radius = 0.46
/Shape/renderer.Sphere2_center = 0.3 0.27 0
/Shape/ShapeTree/Union11/Sphere3.radius = 1.41
/Shape/ShapeTree/Union11/Sphere2.radius = 1.39
/Shape/ShapeTree/Union11/Sphere3.radius = 2.72

--- NEW SESSION: 15/07/2018 02:02:25 ---
/Shape/renderer.Sphere3_radius = -0.33
/Shape/renderer.Sphere2_radius = 0.45
/Shape/ShapeTree/Union11/Sphere3.time = 91.85
/Shape/ShapeTree/Union11/Sphere3.animate = 1
/Shape/ShapeTree/Union11/Sphere3.radius = 7.44
/Shape/ShapeTree/Union11/Sphere2.time = 94.52
/Shape/ShapeTree/Union11/Sphere2.animate = 1
/Shape/ShapeTree/Union11/Sphere2.radius = 3.33

--- NEW SESSION: 15/07/2018 02:05:10 ---
/Shape/ShapeTree/Union11/Sphere2.radius = 2.25
/Shape/ShapeTree/Union11/Sphere3.radius = 1.78

--- NEW SESSION: 15/07/2018 02:06:52 ---
/Shape/ShapeTree/Union11/Sphere2.radius = 3.76

--- NEW SESSION: 15/07/2018 02:09:01 ---
/Shape/ShapeTree/Union11/Sphere2.radius = 1.68
/Shape/renderer.Sphere2_center = 2.09 0.68 0.33
/Shape/renderer.Sphere2_radius = 1.63
/Shape/renderer.Sphere3_radius = 3.69
/Shape/ShapeTree/Union11/Sphere2.time = 39.84
/Shape/ShapeTree/Union11/Sphere2.radius = 4.27
/Shape/ShapeTree/Union11/Sphere2.radius = 6.41
/Shape/renderer.Sphere3_radius = 4.34

--- NEW SESSION: 15/07/2018 02:11:40 ---
/Shape/renderer.Sphere3_radius = 1.2
/Shape/renderer.Sphere2_radius = 1.57

--- NEW SESSION: 15/07/2018 02:15:04 ---
/Shape/renderer.Sphere3_radius = 1.15
/Shape/renderer.Sphere2_radius = 1.38

--- NEW SESSION: 15/07/2018 02:16:04 ---
/Shape/ShapeTree/Union11/Sphere2.radius = 2.41

--- NEW SESSION: 15/07/2018 02:18:04 ---
/Shape/renderer.Sphere2_radius = 1.06
/Shape/renderer.Sphere3_radius = 0.68

--- NEW SESSION: 15/07/2018 02:21:17 ---
/Shape/ShapeTree/Union11/Sphere2.radius = 4.09

--- NEW SESSION: 15/07/2018 02:21:17 ---
/Shape/ShapeTree/Union11/Sphere2.radius = 4.09
/Shape/ShapeTree/Union11/Sphere2.radius = 4.09
/Shape/ShapeTree/Union131/Sphere122.center = 
/Shape/ShapeTree/Union131/Sphere122.radius = 1.06

--- NEW SESSION: 15/07/2018 02:28:28 ---
/Shape/ShapeTree/Union/Sphere.radius = 1.68

--- NEW SESSION: 15/07/2018 02:30:58 ---
/Shape/ShapeTree/Union/Sphere.radius = 310

--- NEW SESSION: 15/07/2018 02:32:08 ---
/Shape/ShapeTree/Union/Sphere.radius = 4.61
/Shape/renderer.Sphere3_radius = 1.79
/Shape/renderer.Sphere2_radius = 1.29

--- NEW SESSION: 15/07/2018 02:33:29 ---
/Shape/ShapeTree/Union/Sphere.radius = 1.02

--- NEW SESSION: 15/07/2018 02:34:34 ---
/Shape/ShapeTree/Union/Sphere.radius = 1

--- NEW SESSION: 15/07/2018 02:42:48 ---
/Shape/ShapeTree/Difference/Box.size = 1.31 0.1 1.45

--- NEW SESSION: 15/07/2018 23:29:11 ---
/Shape/ShapeTree/Twist.angle = 0.09 0 0

--- NEW SESSION: 15/07/2018 23:31:48 ---
/Shape/ShapeTree/Twist/Difference/Union/Sphere.center = 1.12 0 0

--- NEW SESSION: 16/07/2018 00:18:49 ---
/Shape/ShapeTree/Twist.angle = 0 0 0

--- NEW SESSION: 16/07/2018 00:25:50 ---
/Shape/ShapeTree/Twist.angle = 0 0 0
/Shape/ShapeTree/Twist.angle = 0 0 0
/Shape/ShapeTree/Twist.angle = 0 0 0

--- NEW SESSION: 16/07/2018 00:39:33 ---
/Shape/ShapeTree/Union/Rotate/Difference/Box.size = 1.51 0.1 1.2
/Shape/ShapeTree/Union/Rotate/Difference/Union/Difference/Difference/Sphere.center = 1.25 -0.57 0

--- NEW SESSION: 16/07/2018 11:16:30 ---
/Shape/ShapeTree/Difference/Union/Sphere.center = 1.03 0.23 -0.19
/Shape/ShapeTree/Difference/Union/Sphere.center = 0.86 -0.12 -0.19
/Shape/ShapeTree/Difference/Box.size = 1.28 0.49 1.2
/Shape/ShapeTree/Difference/Box.size = 1.28 0.49 1.2
/Shape/ShapeTree/Difference/Box.size = 1.28 0.49 1.2

--- NEW SESSION: 16/07/2018 11:33:46 ---
/Shape/ShapeTree/Tiling.size = 1.16 0.32 0.67

--- NEW SESSION: 16/07/2018 11:33:46 ---
/Shape/ShapeTree/Tiling.size = 1.16 0.32 0.67
/Shape/ShapeTree/Tiling.size = 1.16 0.32 0.67

--- NEW SESSION: 16/07/2018 11:34:35 ---
/Shape/ShapeTree/Tiling.mod = 0.27 0.5 0.48

--- NEW SESSION: 16/07/2018 13:08:25 ---
/Shape/ShapeTree/Intersection/Box.size = 1.07 0.9 0.79

--- NEW SESSION: 16/07/2018 13:08:25 ---
/Shape/ShapeTree/Intersection/Box.size = 1.07 0.9 0.79
/Shape/ShapeTree/Intersection/Box.size = 1.07 0.9 0.79
/Shape/ShapeTree/Intersection/Box.size = 1.94 0.38 1.23
/Shape/ShapeTree/Intersection/Box.size = 1.94 0.38 1.23
/Shape/ShapeTree/Intersection/Box.size = 1.94 0.38 1.23
/Shape/ShapeTree/Intersection/Box.size = 1.51 0.33 0.9
/Shape/ShapeTree/Intersection/Box.size = 1.51 0.33 0.9
/Shape/ShapeTree/Intersection/Box.size = 1.51 0.33 0.9
/Shape/ShapeTree/Difference/Offset.factor = 0.5
/Shape/ShapeTree/Difference/Twist.angle = 1.21 0.42 0
/Shape/ShapeTree/Difference/Offset.factor = 0.5
/Shape/ShapeTree/Difference/Twist.angle = 1.21 0.42 0
/Shape/ShapeTree/Difference/Offset.factor = 0.5
/Shape/ShapeTree/Difference/Twist.angle = 1.21 0.42 0
/Shape/ShapeTree/Difference/Offset/Difference/Union/Difference/Difference/Sphere.center = -0.31 0 0
/Shape/ShapeTree/Difference/Offset/Difference/Union/Difference/Difference/Sphere.radius = 0.89
/Shape/ShapeTree/Difference/Offset/Difference/Union/Difference/Sphere.center = 0.82 0 0
/Shape/ShapeTree/Difference/Offset/Difference/Box.size = 1.32 0.32 0.8
/Shape/ShapeTree/Difference/Twist.angle = -0.37 0 0
/Shape/ShapeTree/Difference/Twist.angle = -0.37 0 0
/Shape/ShapeTree/Difference/Twist.angle = -0.37 0 0

--- NEW SESSION: 16/07/2018 13:19:18 ---
/Shape/ShapeTree/Difference/Twist/Scale/Tiling/Union/Twist/Box.size = 0.47 0.5 0.5
/Shape/ShapeTree/Difference/Twist/Scale/Tiling/Union/Twist.angle = 1.57 0 0
/Shape/ShapeTree/Difference/Twist/Scale/Tiling/Union/Translate.translation = -0.29 1.09 -0.79

--- NEW SESSION: 16/07/2018 13:50:39 ---
/Shape/ShapeTree/Difference/Offset/Difference/Box.activated = 1
/Shape/ShapeTree/Difference/Offset/Difference/Box.size = 0.75 0.1 1.2

--- NEW SESSION: 16/07/2018 13:50:53 ---
/Shape/ShapeTree/Intersection/Box.size = 2.21 1 0.28
/Shape/ShapeTree/Intersection/Box.size = 2.21 1 0.28
/Shape/ShapeTree/Intersection/Box.size = 2.21 1 0.28
/Shape/ShapeTree/Intersection/Union/Difference/Twist/Scale/Tiling.mod = 0.9 1.42 1.66
/Shape/ShapeTree/Intersection/Box.size = 2.11 0.54 1.41
/Shape/ShapeTree/Intersection/Box.size = 2.11 0.54 1.41
/Shape/ShapeTree/Intersection/Box.size = 2.11 0.54 1.41
